<?xml version="1.0" encoding="UTF-8"?>
<testsuites>
  <testsuite name="CodeIgniter Application Test Suite" tests="6" assertions="6" errors="0" failures="0" skipped="0" time="3.490152">
    <testsuite name="Currency_test" file="/Applications/MAMP/htdocs/application/tests/controllers/Currency_test.php" tests="1" assertions="1" errors="0" failures="0" skipped="0" time="1.691913">
      <testcase name="test_get_names" class="Currency_test" classname="Currency_test" file="/Applications/MAMP/htdocs/application/tests/controllers/Currency_test.php" line="4" assertions="1" time="1.691913"/>
    </testsuite>
    <testsuite name="Main_test" file="/Applications/MAMP/htdocs/application/tests/controllers/Main_test.php" tests="5" assertions="5" errors="0" failures="0" skipped="0" time="1.798239">
      <testcase name="test_index" class="Main_test" classname="Main_test" file="/Applications/MAMP/htdocs/application/tests/controllers/Main_test.php" line="5" assertions="1" time="0.552451"/>
      <testcase name="test_bootstrap" class="Main_test" classname="Main_test" file="/Applications/MAMP/htdocs/application/tests/controllers/Main_test.php" line="11" assertions="1" time="0.540138"/>
      <testcase name="test_bootstrap_select" class="Main_test" classname="Main_test" file="/Applications/MAMP/htdocs/application/tests/controllers/Main_test.php" line="18" assertions="1" time="0.670874"/>
      <testcase name="test_method_404" class="Main_test" classname="Main_test" file="/Applications/MAMP/htdocs/application/tests/controllers/Main_test.php" line="25" assertions="1" time="0.023348"/>
      <testcase name="test_APPPATH" class="Main_test" classname="Main_test" file="/Applications/MAMP/htdocs/application/tests/controllers/Main_test.php" line="31" assertions="1" time="0.011428"/>
    </testsuite>
  </testsuite>
</testsuites>
